<?xml version="1.0" encoding="UTF-8"?>
<!-- Generated by org.testng.reporters.JUnitReportReporter -->
<testsuite hostname="DESKTOP-2KD9ONT" failures="0" tests="4" name="firstTestng" time="0.009" errors="0" timestamp="2022-01-04T09:57:55 EET" skipped="0">
  <testcase classname="firstTestng" name="bTest" time="0.004"/>
  <system-out/>
  <testcase classname="firstTestng" name="cTest" time="0.002"/>
  <system-out/>
  <testcase classname="firstTestng" name="dTest" time="0.001"/>
  <system-out/>
  <testcase classname="firstTestng" name="aTest" time="0.002"/>
  <system-out/>
</testsuite> <!-- firstTestng -->
