<?xml version="1.0" encoding="UTF-8"?>
<!-- Generated by org.testng.reporters.JUnitReportReporter -->
<testsuite hostname="DESKTOP-2KD9ONT" failures="0" tests="1" name="FirstTestCollection" time="1.531" errors="0" timestamp="2022-01-03T11:51:02 EET" skipped="0">
  <testcase classname="FirstTestCollection" name="firstTestCase" time="1.531"/>
  <system-out/>
</testsuite> <!-- FirstTestCollection -->
