<?xml version="1.0" encoding="UTF-8"?>
<!-- Generated by org.testng.reporters.JUnitReportReporter -->
<testsuite hostname="DESKTOP-2KD9ONT" failures="0" tests="2" name="Task1" time="2.477" errors="0" timestamp="2022-01-04T10:31:46 EET" skipped="0">
  <testcase classname="Task1" name="visitRegisterPage" time="1.488"/>
  <system-out/>
  <testcase classname="Task1" name="visitSupportPage" time="0.989"/>
  <system-out/>
</testsuite> <!-- Task1 -->
